<?xml version="1.0" encoding="UTF-8"?>
<!-- Generated by org.testng.reporters.JUnitXMLReporter -->
<testsuite ignored="0" hostname="DESKTOP-4CBTSJA" failures="2" tests="2" name="Test" time="0.224" errors="0" timestamp="23 Jun 2024 00:27:48 GMT">
  <testcase classname="automation.tests.SampleTest" name="landOnHomePage" time="0.18">
    <failure type="automation.UserExceptions.InvalidBrowserException" message="chrom: Invalid Browser">
      <![CDATA[automation.UserExceptions.InvalidBrowserException: chrom: Invalid Browser
at automation.TestComponents.BaseTest.initializeDriver(BaseTest.java:110)
at automation.TestComponents.BaseTest.openUrl(BaseTest.java:121)
at automation.tests.SampleTest.landOnHomePage(SampleTest.java:17)
... Removed 25 stack frames]]>
    </failure>
  </testcase> <!-- landOnHomePage -->
  <testcase classname="automation.tests.SampleTest" name="landOnHomePage" time="0.204">
    <failure type="java.lang.NullPointerException">
      <![CDATA[java.lang.NullPointerException
at automation.TestComponents.BaseTest.captureScreenshot(BaseTest.java:130)
at automation.TestComponents.Listeners.onTestFailure(Listeners.java:45)
... Removed 22 stack frames]]>
    </failure>
  </testcase> <!-- landOnHomePage -->
</testsuite> <!-- Test -->
